E:\360云盘\GIT\OPENCV_GITHUB\DEBUG\FILTERSMOOTH.EXE
E:\360云盘\GIT\OPENCV_GITHUB\DEBUG\FILTERSMOOTH.ILK
E:\360云盘\GIT\OPENCV_GITHUB\DEBUG\FILTERSMOOTH.PDB
E:\360云盘\GIT\OPENCV_GITHUB\FILTERSMOOTH\DEBUG\BACKWARDS.OBJ
E:\360云盘\GIT\OPENCV_GITHUB\FILTERSMOOTH\DEBUG\BLUR_MEDIAN_GAUSSIAN FILTER.OBJ
E:\360云盘\Git\OpenCV_Github\FilterSmooth\Debug\cl.command.1.tlog
E:\360云盘\Git\OpenCV_Github\FilterSmooth\Debug\CL.read.1.tlog
E:\360云盘\Git\OpenCV_Github\FilterSmooth\Debug\CL.write.1.tlog
E:\360云盘\GIT\OPENCV_GITHUB\FILTERSMOOTH\DEBUG\FILTERSMOOTH.EXE.EMBED.MANIFEST
E:\360云盘\GIT\OPENCV_GITHUB\FILTERSMOOTH\DEBUG\FILTERSMOOTH.EXE.EMBED.MANIFEST.RES
E:\360云盘\GIT\OPENCV_GITHUB\FILTERSMOOTH\DEBUG\FILTERSMOOTH.EXE.INTERMEDIATE.MANIFEST
E:\360云盘\Git\OpenCV_Github\FilterSmooth\Debug\FilterSmooth.write.1.tlog
E:\360云盘\Git\OpenCV_Github\FilterSmooth\Debug\FilterSmooth_manifest.rc
E:\360云盘\Git\OpenCV_Github\FilterSmooth\Debug\link.1732.read.1.tlog
E:\360云盘\Git\OpenCV_Github\FilterSmooth\Debug\link.1732.write.1.tlog
E:\360云盘\Git\OpenCV_Github\FilterSmooth\Debug\link.1732-cvtres.read.1.tlog
E:\360云盘\Git\OpenCV_Github\FilterSmooth\Debug\link.1732-cvtres.write.1.tlog
E:\360云盘\Git\OpenCV_Github\FilterSmooth\Debug\link.command.1.tlog
E:\360云盘\Git\OpenCV_Github\FilterSmooth\Debug\link.read.1.tlog
E:\360云盘\Git\OpenCV_Github\FilterSmooth\Debug\link.write.1.tlog
E:\360云盘\Git\OpenCV_Github\FilterSmooth\Debug\link-cvtres.read.1.tlog
E:\360云盘\Git\OpenCV_Github\FilterSmooth\Debug\link-cvtres.write.1.tlog
E:\360云盘\GIT\OPENCV_GITHUB\FILTERSMOOTH\DEBUG\MAIN.OBJ
E:\360云盘\Git\OpenCV_Github\FilterSmooth\Debug\mt.command.1.tlog
E:\360云盘\Git\OpenCV_Github\FilterSmooth\Debug\mt.read.1.tlog
E:\360云盘\Git\OpenCV_Github\FilterSmooth\Debug\mt.write.1.tlog
E:\360云盘\Git\OpenCV_Github\FilterSmooth\Debug\rc.command.1.tlog
E:\360云盘\Git\OpenCV_Github\FilterSmooth\Debug\rc.read.1.tlog
E:\360云盘\Git\OpenCV_Github\FilterSmooth\Debug\rc.write.1.tlog
E:\360云盘\Git\OpenCV_Github\FilterSmooth\Debug\vc100.idb
E:\360云盘\GIT\OPENCV_GITHUB\FILTERSMOOTH\DEBUG\VC100.PDB
