生成启动时间为 2014/11/15 9:22:09。
     1>项目“E:\360YPan\Git\OpenCV_Github\Feature\Feature.vcxproj”在节点 2 上(build 个目标)。
     1>InitializeBuildStatus:
         正在创建“Debug\Feature.unsuccessfulbuild”，因为已指定“AlwaysCreate”。
       ClCompile:
         c:\Program Files\Microsoft Visual Studio 10.0\VC\bin\CL.exe /c /ZI /nologo /W3 /WX- /Od /Oy- /D WIN32 /D _DEBUG /D _CONSOLE /D _UNICODE /D UNICODE /Gm /EHsc /RTC1 /MDd /GS /fp:precise /Zc:wchar_t /Zc:forScope /Fo"Debug\\" /Fd"Debug\vc100.pdb" /Gd /TP /analyze- /errorReport:prompt corner\fast_corner_detect.cpp
         fast_corner_detect.cpp
       ManifestResourceCompile:
         所有输出均为最新。
       Link:
         c:\Program Files\Microsoft Visual Studio 10.0\VC\bin\link.exe /ERRORREPORT:PROMPT /OUT:"E:\360YPan\Git\OpenCV_Github\Debug\Feature.exe" /INCREMENTAL /NOLOGO opencv_core2410d.lib opencv_highgui2410d.lib opencv_imgproc2410d.lib opencv_videostab2410d.lib opencv_contrib2410d.lib opencv_features2d2410d.lib opencv_flann2410d.lib opencv_gpu2410d.lib opencv_legacy2410d.lib opencv_ml2410d.lib opencv_nonfree2410d.lib opencv_objdetect2410d.lib opencv_superres2410d.lib opencv_ts2410d.lib opencv_photo2410d.lib opencv_stitching2410d.lib opencv_video2410d.lib opencv_calib3d2410d.lib kernel32.lib user32.lib gdi32.lib winspool.lib comdlg32.lib advapi32.lib shell32.lib ole32.lib oleaut32.lib uuid.lib odbc32.lib odbccp32.lib /MANIFEST /ManifestFile:"Debug\Feature.exe.intermediate.manifest" /MANIFESTUAC:"level='asInvoker' uiAccess='false'" /DEBUG /PDB:"E:\360YPan\Git\OpenCV_Github\Debug\Feature.pdb" /SUBSYSTEM:CONSOLE /TLBID:1 /DYNAMICBASE /NXCOMPAT /IMPLIB:"E:\360YPan\Git\OpenCV_Github\Debug\Feature.lib" /MACHINE:X86 Debug\Feature.exe.embed.manifest.res
         Debug\fast_corner_detect.obj
         Debug\fast_feature_opencv.obj
         Debug\harris_corner_detect.obj
         Debug\sift_feature.obj
         Debug\surf_feature.obj
         Debug\surf_feature_opencv.obj
         Debug\susan_corner_detect.obj
         Debug\calcDrawHist.obj
         Debug\calcHistDistance.obj
         Debug\equalizeHist.obj
         Debug\histgram_main.obj
         Debug\mutiDim.obj
         Debug\oneDim.obj
         Debug\main.obj
       Manifest:
         C:\Program Files\Microsoft SDKs\Windows\v7.0A\bin\mt.exe /nologo /verbose /out:"Debug\Feature.exe.embed.manifest" /manifest Debug\Feature.exe.intermediate.manifest
         所有输出均为最新。
       LinkEmbedManifest:
         所有输出均为最新。
         Feature.vcxproj -> E:\360YPan\Git\OpenCV_Github\Debug\Feature.exe
       FinalizeBuildStatus:
         正在删除文件“Debug\Feature.unsuccessfulbuild”。
         正在对“Debug\Feature.lastbuildstate”执行 Touch 任务。
     1>已完成生成项目“E:\360YPan\Git\OpenCV_Github\Feature\Feature.vcxproj”(build 个目标)的操作。

生成成功。

已用时间 00:00:05.83
