E:\360YPAN\GIT\OPENCV_GITHUB\FEATURE\DEBUG\CALCDRAWHIST.OBJ
E:\360YPAN\GIT\OPENCV_GITHUB\FEATURE\DEBUG\CALCHISTDISTANCE.OBJ
E:\360YPan\Git\OpenCV_Github\Feature\Debug\cl.command.1.tlog
E:\360YPan\Git\OpenCV_Github\Feature\Debug\CL.read.1.tlog
E:\360YPan\Git\OpenCV_Github\Feature\Debug\CL.write.1.tlog
E:\360YPAN\GIT\OPENCV_GITHUB\FEATURE\DEBUG\EQUALIZEHIST.OBJ
E:\360YPAN\GIT\OPENCV_GITHUB\FEATURE\DEBUG\FAST_CORNER_DETECT.OBJ
E:\360YPAN\GIT\OPENCV_GITHUB\FEATURE\DEBUG\FAST_FEATURE_OPENCV.OBJ
E:\360YPan\Git\OpenCV_Github\Feature\Debug\Feature.exe.embed.manifest
E:\360YPAN\GIT\OPENCV_GITHUB\FEATURE\DEBUG\FEATURE.EXE.EMBED.MANIFEST.RES
E:\360YPan\Git\OpenCV_Github\Feature\Debug\Feature.write.1.tlog
E:\360YPan\Git\OpenCV_Github\Feature\Debug\Feature_manifest.rc
E:\360YPAN\GIT\OPENCV_GITHUB\FEATURE\DEBUG\HARRIS_CORNER_DETECT.OBJ
E:\360YPAN\GIT\OPENCV_GITHUB\FEATURE\DEBUG\HISTGRAM_MAIN.OBJ
E:\360YPan\Git\OpenCV_Github\Feature\Debug\link.command.1.tlog
E:\360YPan\Git\OpenCV_Github\Feature\Debug\link.read.1.tlog
E:\360YPan\Git\OpenCV_Github\Feature\Debug\link.write.1.tlog
E:\360YPAN\GIT\OPENCV_GITHUB\FEATURE\DEBUG\MAIN.OBJ
E:\360YPAN\GIT\OPENCV_GITHUB\FEATURE\DEBUG\MUTIDIM.OBJ
E:\360YPAN\GIT\OPENCV_GITHUB\FEATURE\DEBUG\ONEDIM.OBJ
E:\360YPan\Git\OpenCV_Github\Feature\Debug\rc.command.1.tlog
E:\360YPan\Git\OpenCV_Github\Feature\Debug\rc.read.1.tlog
E:\360YPan\Git\OpenCV_Github\Feature\Debug\rc.write.1.tlog
E:\360YPAN\GIT\OPENCV_GITHUB\FEATURE\DEBUG\SIFT_FEATURE.OBJ
E:\360YPAN\GIT\OPENCV_GITHUB\FEATURE\DEBUG\SURF_FEATURE.OBJ
E:\360YPAN\GIT\OPENCV_GITHUB\FEATURE\DEBUG\SURF_FEATURE_OPENCV.OBJ
E:\360YPAN\GIT\OPENCV_GITHUB\FEATURE\DEBUG\SUSAN_CORNER_DETECT.OBJ
E:\360YPan\Git\OpenCV_Github\Feature\Debug\vc100.idb
E:\360YPAN\GIT\OPENCV_GITHUB\FEATURE\DEBUG\VC100.PDB
