生成启动时间为 2014/5/10 16:29:09。
     1>项目“E:\360云盘\Git\OpenCV_Github\Algorithm\Algorithm.vcxproj”在节点 2 上(build 个目标)。
     1>InitializeBuildStatus:
         正在创建“Debug\Algorithm.unsuccessfulbuild”，因为已指定“AlwaysCreate”。
       ClCompile:
         c:\Program Files\Microsoft Visual Studio 10.0\VC\bin\CL.exe /c /ZI /nologo /W3 /WX- /Od /Oy- /D WIN32 /D _DEBUG /D _CONSOLE /D _MBCS /Gm /EHsc /RTC1 /MDd /GS /fp:precise /Zc:wchar_t /Zc:forScope /Fo"Debug\\" /Fd"Debug\vc100.pdb" /Gd /TP /analyze- /errorReport:prompt SURF_Homography.cpp
         SURF_Homography.cpp
     1>e:\360云盘\git\opencv_github\algorithm\surf_homography.cpp(97): warning C4018: “<”: 有符号/无符号不匹配
     1>e:\360云盘\git\opencv_github\algorithm\surf_homography.cpp(116): warning C4244: “参数”: 从“int”转换到“float”，可能丢失数据
     1>e:\360云盘\git\opencv_github\algorithm\surf_homography.cpp(116): warning C4244: “参数”: 从“int”转换到“float”，可能丢失数据
     1>e:\360云盘\git\opencv_github\algorithm\surf_homography.cpp(117): warning C4244: “参数”: 从“int”转换到“float”，可能丢失数据
     1>e:\360云盘\git\opencv_github\algorithm\surf_homography.cpp(117): warning C4244: “参数”: 从“int”转换到“float”，可能丢失数据
     1>e:\360云盘\git\opencv_github\algorithm\surf_homography.cpp(118): warning C4244: “参数”: 从“int”转换到“float”，可能丢失数据
     1>e:\360云盘\git\opencv_github\algorithm\surf_homography.cpp(118): warning C4244: “参数”: 从“int”转换到“float”，可能丢失数据
     1>e:\360云盘\git\opencv_github\algorithm\surf_homography.cpp(119): warning C4244: “参数”: 从“int”转换到“float”，可能丢失数据
     1>e:\360云盘\git\opencv_github\algorithm\surf_homography.cpp(119): warning C4244: “参数”: 从“int”转换到“float”，可能丢失数据
       ManifestResourceCompile:
         所有输出均为最新。
       Link:
         c:\Program Files\Microsoft Visual Studio 10.0\VC\bin\link.exe /ERRORREPORT:PROMPT /OUT:"E:\360云盘\Git\OpenCV_Github\Debug\Algorithm.exe" /INCREMENTAL /NOLOGO opencv_calib3d242d.lib opencv_contrib242d.lib opencv_core242d.lib opencv_features2d242d.lib opencv_flann242d.lib opencv_gpu242d.lib opencv_highgui242d.lib opencv_imgproc242d.lib opencv_legacy242d.lib opencv_ml242d.lib opencv_objdetect242d.lib opencv_ts242d.lib opencv_video242d.lib opencv_nonfree242d.lib kernel32.lib user32.lib gdi32.lib winspool.lib comdlg32.lib advapi32.lib shell32.lib ole32.lib oleaut32.lib uuid.lib odbc32.lib odbccp32.lib /MANIFEST /ManifestFile:"Debug\Algorithm.exe.intermediate.manifest" /MANIFESTUAC:"level='asInvoker' uiAccess='false'" /DEBUG /PDB:"E:\360云盘\Git\OpenCV_Github\Debug\Algorithm.pdb" /SUBSYSTEM:CONSOLE /TLBID:1 /DYNAMICBASE /NXCOMPAT /IMPLIB:"E:\360云盘\Git\OpenCV_Github\Debug\Algorithm.lib" /MACHINE:X86 Debug\Algorithm.exe.embed.manifest.res
         Debug\main.obj
         Debug\find_obj.obj
         Debug\hog_svm_test.obj
         Debug\hog_svm_train.obj
         Debug\knn.obj
         Debug\knn1.obj
         Debug\MeanshiftSegment.obj
         Debug\SURF_Homography.obj
         Debug\templeteMatch.obj
       Manifest:
         C:\Program Files\Microsoft SDKs\Windows\v7.0A\bin\mt.exe /nologo /verbose /out:"Debug\Algorithm.exe.embed.manifest" /manifest Debug\Algorithm.exe.intermediate.manifest
         所有输出均为最新。
       LinkEmbedManifest:
         所有输出均为最新。
         Algorithm.vcxproj -> E:\360云盘\Git\OpenCV_Github\Debug\Algorithm.exe
       FinalizeBuildStatus:
         正在删除文件“Debug\Algorithm.unsuccessfulbuild”。
         正在对“Debug\Algorithm.lastbuildstate”执行 Touch 任务。
     1>已完成生成项目“E:\360云盘\Git\OpenCV_Github\Algorithm\Algorithm.vcxproj”(build 个目标)的操作。

生成成功。

已用时间 00:00:03.13
