E:\360云盘\GIT\OPENCV_GITHUB\ALGORITHM\DEBUG\ALGORITHM.EXE.EMBED.MANIFEST
E:\360云盘\GIT\OPENCV_GITHUB\ALGORITHM\DEBUG\ALGORITHM.EXE.EMBED.MANIFEST.RES
E:\360云盘\GIT\OPENCV_GITHUB\ALGORITHM\DEBUG\ALGORITHM.EXE.INTERMEDIATE.MANIFEST
E:\360云盘\GIT\OPENCV_GITHUB\ALGORITHM\DEBUG\ALGORITHM.OBJ
E:\360云盘\Git\OpenCV_Github\Algorithm\Debug\Algorithm.vcxprojResolveAssemblyReference.cache
E:\360云盘\Git\OpenCV_Github\Algorithm\Debug\Algorithm.write.1.tlog
E:\360云盘\Git\OpenCV_Github\Algorithm\Debug\Algorithm_manifest.rc
E:\360云盘\Git\OpenCV_Github\Algorithm\Debug\cl.command.1.tlog
E:\360云盘\Git\OpenCV_Github\Algorithm\Debug\CL.read.1.tlog
E:\360云盘\Git\OpenCV_Github\Algorithm\Debug\CL.write.1.tlog
E:\360云盘\GIT\OPENCV_GITHUB\ALGORITHM\DEBUG\FIND_OBJ.OBJ
E:\360云盘\GIT\OPENCV_GITHUB\ALGORITHM\DEBUG\FIND_OBJ_CALONDER.OBJ
E:\360云盘\GIT\OPENCV_GITHUB\ALGORITHM\DEBUG\HOG_SVM_TEST.OBJ
E:\360云盘\GIT\OPENCV_GITHUB\ALGORITHM\DEBUG\HOG_SVM_TRAIN.OBJ
E:\360云盘\GIT\OPENCV_GITHUB\ALGORITHM\DEBUG\KNN.OBJ
E:\360云盘\GIT\OPENCV_GITHUB\ALGORITHM\DEBUG\KNN1.OBJ
E:\360云盘\Git\OpenCV_Github\Algorithm\Debug\link.2436.read.1.tlog
E:\360云盘\Git\OpenCV_Github\Algorithm\Debug\link.2436.write.1.tlog
E:\360云盘\Git\OpenCV_Github\Algorithm\Debug\link.2436-cvtres.read.1.tlog
E:\360云盘\Git\OpenCV_Github\Algorithm\Debug\link.2436-cvtres.write.1.tlog
E:\360云盘\Git\OpenCV_Github\Algorithm\Debug\link.4584.read.1.tlog
E:\360云盘\Git\OpenCV_Github\Algorithm\Debug\link.4584.write.1.tlog
E:\360云盘\Git\OpenCV_Github\Algorithm\Debug\link.4584-cvtres.read.1.tlog
E:\360云盘\Git\OpenCV_Github\Algorithm\Debug\link.4584-cvtres.write.1.tlog
E:\360云盘\Git\OpenCV_Github\Algorithm\Debug\link.6744.read.1.tlog
E:\360云盘\Git\OpenCV_Github\Algorithm\Debug\link.6744.write.1.tlog
E:\360云盘\Git\OpenCV_Github\Algorithm\Debug\link.6744-cvtres.read.1.tlog
E:\360云盘\Git\OpenCV_Github\Algorithm\Debug\link.6744-cvtres.write.1.tlog
E:\360云盘\Git\OpenCV_Github\Algorithm\Debug\link.command.1.tlog
E:\360云盘\Git\OpenCV_Github\Algorithm\Debug\link.read.1.tlog
E:\360云盘\Git\OpenCV_Github\Algorithm\Debug\link.write.1.tlog
E:\360云盘\Git\OpenCV_Github\Algorithm\Debug\link-cvtres.read.1.tlog
E:\360云盘\Git\OpenCV_Github\Algorithm\Debug\link-cvtres.write.1.tlog
E:\360云盘\GIT\OPENCV_GITHUB\ALGORITHM\DEBUG\MAIN.OBJ
E:\360云盘\GIT\OPENCV_GITHUB\ALGORITHM\DEBUG\MEANSHIFTSEGMENT.OBJ
E:\360云盘\Git\OpenCV_Github\Algorithm\Debug\mt.command.1.tlog
E:\360云盘\Git\OpenCV_Github\Algorithm\Debug\mt.read.1.tlog
E:\360云盘\Git\OpenCV_Github\Algorithm\Debug\mt.write.1.tlog
E:\360云盘\Git\OpenCV_Github\Algorithm\Debug\rc.command.1.tlog
E:\360云盘\Git\OpenCV_Github\Algorithm\Debug\rc.read.1.tlog
E:\360云盘\Git\OpenCV_Github\Algorithm\Debug\rc.write.1.tlog
E:\360云盘\GIT\OPENCV_GITHUB\ALGORITHM\DEBUG\TEMPLETEMATCH.OBJ
E:\360云盘\Git\OpenCV_Github\Algorithm\Debug\vc100.idb
E:\360云盘\GIT\OPENCV_GITHUB\ALGORITHM\DEBUG\VC100.PDB
E:\360云盘\GIT\OPENCV_GITHUB\DEBUG\ALGORITHM.EXE
E:\360云盘\GIT\OPENCV_GITHUB\DEBUG\ALGORITHM.ILK
E:\360云盘\GIT\OPENCV_GITHUB\DEBUG\ALGORITHM.PDB
