生成启动时间为 2014/5/9 10:46:06。
     1>项目“E:\360云盘\Git\OpenCV_Github\Transform\Transform.vcxproj”在节点 2 上(build 个目标)。
     1>InitializeBuildStatus:
         正在创建“Debug\Transform.unsuccessfulbuild”，因为已指定“AlwaysCreate”。
       ClCompile:
         c:\Program Files\Microsoft Visual Studio 10.0\VC\bin\CL.exe /c /ZI /nologo /W3 /WX- /Od /Oy- /D WIN32 /D _DEBUG /D _CONSOLE /D _UNICODE /D UNICODE /Gm /EHsc /RTC1 /MDd /GS /fp:precise /Zc:wchar_t /Zc:forScope /Fo"Debug\\" /Fd"Debug\vc100.pdb" /Gd /TP /analyze- /errorReport:prompt "透视矫正\rectify.cpp"
         rectify.cpp
     1>e:\360云盘\git\opencv_github\transform\透视矫正\rectify.cpp(42): warning C4018: “<”: 有符号/无符号不匹配
     1>e:\360云盘\git\opencv_github\transform\透视矫正\rectify.cpp(63): warning C4018: “<”: 有符号/无符号不匹配
     1>e:\360云盘\git\opencv_github\transform\透视矫正\rectify.cpp(65): warning C4244: “参数”: 从“float”转换到“int”，可能丢失数据
     1>e:\360云盘\git\opencv_github\transform\透视矫正\rectify.cpp(65): warning C4244: “参数”: 从“float”转换到“int”，可能丢失数据
       ManifestResourceCompile:
         所有输出均为最新。
       Link:
         c:\Program Files\Microsoft Visual Studio 10.0\VC\bin\link.exe /ERRORREPORT:PROMPT /OUT:"E:\360云盘\Git\OpenCV_Github\Debug\Transform.exe" /INCREMENTAL /NOLOGO opencv_core242d.lib opencv_highgui242d.lib opencv_imgproc242d.lib opencv_features2d242d.lib kernel32.lib user32.lib gdi32.lib winspool.lib comdlg32.lib advapi32.lib shell32.lib ole32.lib oleaut32.lib uuid.lib odbc32.lib odbccp32.lib /MANIFEST /ManifestFile:"Debug\Transform.exe.intermediate.manifest" /MANIFESTUAC:"level='asInvoker' uiAccess='false'" /DEBUG /PDB:"E:\360云盘\Git\OpenCV_Github\Debug\Transform.pdb" /SUBSYSTEM:CONSOLE /TLBID:1 /DYNAMICBASE /NXCOMPAT /IMPLIB:"E:\360云盘\Git\OpenCV_Github\Debug\Transform.lib" /MACHINE:X86 Debug\Transform.exe.embed.manifest.res
         Debug\affine.obj
         Debug\main.obj
         Debug\rectify.obj
       Manifest:
         C:\Program Files\Microsoft SDKs\Windows\v7.0A\bin\mt.exe /nologo /verbose /out:"Debug\Transform.exe.embed.manifest" /manifest Debug\Transform.exe.intermediate.manifest
         所有输出均为最新。
       LinkEmbedManifest:
         所有输出均为最新。
         Transform.vcxproj -> E:\360云盘\Git\OpenCV_Github\Debug\Transform.exe
       FinalizeBuildStatus:
         正在删除文件“Debug\Transform.unsuccessfulbuild”。
         正在对“Debug\Transform.lastbuildstate”执行 Touch 任务。
     1>已完成生成项目“E:\360云盘\Git\OpenCV_Github\Transform\Transform.vcxproj”(build 个目标)的操作。

生成成功。

已用时间 00:00:01.96
