E:\360云盘\GIT\OPENCV_GITHUB\DEBUG\DETECTION.EXE
E:\360云盘\GIT\OPENCV_GITHUB\DEBUG\DETECTION.ILK
E:\360云盘\GIT\OPENCV_GITHUB\DEBUG\DETECTION.PDB
E:\360云盘\GIT\OPENCV_GITHUB\EDGEDETECTION\DEBUG\ADAPTIVETHRESHOLD.OBJ
E:\360云盘\GIT\OPENCV_GITHUB\EDGEDETECTION\DEBUG\BINARYZATION.OBJ
E:\360云盘\GIT\OPENCV_GITHUB\EDGEDETECTION\DEBUG\CANNY_TRACKBAR.OBJ
E:\360云盘\Git\OpenCV_Github\EdgeDetection\Debug\cl.command.1.tlog
E:\360云盘\Git\OpenCV_Github\EdgeDetection\Debug\CL.read.1.tlog
E:\360云盘\Git\OpenCV_Github\EdgeDetection\Debug\CL.write.1.tlog
E:\360云盘\GIT\OPENCV_GITHUB\EDGEDETECTION\DEBUG\CONTOUR1.OBJ
E:\360云盘\GIT\OPENCV_GITHUB\EDGEDETECTION\DEBUG\CONTOUR2.OBJ
E:\360云盘\GIT\OPENCV_GITHUB\EDGEDETECTION\DEBUG\DETECTION.EXE.EMBED.MANIFEST
E:\360云盘\GIT\OPENCV_GITHUB\EDGEDETECTION\DEBUG\DETECTION.EXE.EMBED.MANIFEST.RES
E:\360云盘\GIT\OPENCV_GITHUB\EDGEDETECTION\DEBUG\DETECTION.EXE.INTERMEDIATE.MANIFEST
E:\360云盘\Git\OpenCV_Github\EdgeDetection\Debug\Detection.write.1.tlog
E:\360云盘\Git\OpenCV_Github\EdgeDetection\Debug\Detection_manifest.rc
E:\360云盘\GIT\OPENCV_GITHUB\EDGEDETECTION\DEBUG\EDGE_TRACKBAR.OBJ
E:\360云盘\GIT\OPENCV_GITHUB\EDGEDETECTION\DEBUG\EDGE_WHOLE.OBJ
E:\360云盘\GIT\OPENCV_GITHUB\EDGEDETECTION\DEBUG\HOUGH_CIRCLE.OBJ
E:\360云盘\GIT\OPENCV_GITHUB\EDGEDETECTION\DEBUG\HOUGH_LINE.OBJ
E:\360云盘\GIT\OPENCV_GITHUB\EDGEDETECTION\DEBUG\LINE_DETE.OBJ
E:\360云盘\Git\OpenCV_Github\EdgeDetection\Debug\link.7132.read.1.tlog
E:\360云盘\Git\OpenCV_Github\EdgeDetection\Debug\link.7132.write.1.tlog
E:\360云盘\Git\OpenCV_Github\EdgeDetection\Debug\link.7132-cvtres.read.1.tlog
E:\360云盘\Git\OpenCV_Github\EdgeDetection\Debug\link.7132-cvtres.write.1.tlog
E:\360云盘\Git\OpenCV_Github\EdgeDetection\Debug\link.command.1.tlog
E:\360云盘\Git\OpenCV_Github\EdgeDetection\Debug\link.read.1.tlog
E:\360云盘\Git\OpenCV_Github\EdgeDetection\Debug\link.write.1.tlog
E:\360云盘\Git\OpenCV_Github\EdgeDetection\Debug\link-cvtres.read.1.tlog
E:\360云盘\Git\OpenCV_Github\EdgeDetection\Debug\link-cvtres.write.1.tlog
E:\360云盘\GIT\OPENCV_GITHUB\EDGEDETECTION\DEBUG\MAIN.OBJ
E:\360云盘\Git\OpenCV_Github\EdgeDetection\Debug\mt.command.1.tlog
E:\360云盘\Git\OpenCV_Github\EdgeDetection\Debug\mt.read.1.tlog
E:\360云盘\Git\OpenCV_Github\EdgeDetection\Debug\mt.write.1.tlog
E:\360云盘\Git\OpenCV_Github\EdgeDetection\Debug\rc.command.1.tlog
E:\360云盘\Git\OpenCV_Github\EdgeDetection\Debug\rc.read.1.tlog
E:\360云盘\Git\OpenCV_Github\EdgeDetection\Debug\rc.write.1.tlog
E:\360云盘\GIT\OPENCV_GITHUB\EDGEDETECTION\DEBUG\SQAURE_DETECTION.OBJ
E:\360云盘\Git\OpenCV_Github\EdgeDetection\Debug\vc100.idb
E:\360云盘\GIT\OPENCV_GITHUB\EDGEDETECTION\DEBUG\VC100.PDB
