生成启动时间为 2014/5/9 10:25:02。
     1>项目“E:\360云盘\Git\OpenCV_Github\EdgeDetection\EdgeDetection.vcxproj”在节点 2 上(build 个目标)。
     1>InitializeBuildStatus:
         正在创建“Debug\Detection.unsuccessfulbuild”，因为已指定“AlwaysCreate”。
       ClCompile:
         c:\Program Files\Microsoft Visual Studio 10.0\VC\bin\CL.exe /c /ZI /nologo /W3 /WX- /Od /Oy- /D WIN32 /D _DEBUG /D _CONSOLE /D _UNICODE /D UNICODE /Gm /EHsc /RTC1 /MDd /GS /fp:precise /Zc:wchar_t /Zc:forScope /Fo"Debug\\" /Fd"Debug\vc100.pdb" /Gd /TP /analyze- /errorReport:prompt linear\line_dete.cpp
         line_dete.cpp
     1>e:\360云盘\git\opencv_github\edgedetection\linear\line_dete.cpp(209): warning C4244: “参数”: 从“double”转换到“int”，可能丢失数据
     1>e:\360云盘\git\opencv_github\edgedetection\linear\line_dete.cpp(393): warning C4244: “=”: 从“double”转换到“float”，可能丢失数据
     1>e:\360云盘\git\opencv_github\edgedetection\linear\line_dete.cpp(427): warning C4244: “初始化”: 从“double”转换到“int”，可能丢失数据
     1>e:\360云盘\git\opencv_github\edgedetection\linear\line_dete.cpp(430): warning C4309: “=”: 截断常量值
     1>e:\360云盘\git\opencv_github\edgedetection\linear\line_dete.cpp(439): warning C4244: “初始化”: 从“double”转换到“int”，可能丢失数据
     1>e:\360云盘\git\opencv_github\edgedetection\linear\line_dete.cpp(441): warning C4309: “=”: 截断常量值
     1>e:\360云盘\git\opencv_github\edgedetection\linear\line_dete.cpp(172): warning C4715: “line_dete_2”: 不是所有的控件路径都返回值
       ManifestResourceCompile:
         所有输出均为最新。
       Link:
         c:\Program Files\Microsoft Visual Studio 10.0\VC\bin\link.exe /ERRORREPORT:PROMPT /OUT:"E:\360云盘\Git\OpenCV_Github\Debug\Detection.exe" /INCREMENTAL /NOLOGO opencv_core242d.lib opencv_features2d242d.lib opencv_flann242d.lib opencv_highgui242d.lib opencv_imgproc242d.lib kernel32.lib user32.lib gdi32.lib winspool.lib comdlg32.lib advapi32.lib shell32.lib ole32.lib oleaut32.lib uuid.lib odbc32.lib odbccp32.lib /MANIFEST /ManifestFile:"Debug\Detection.exe.intermediate.manifest" /MANIFESTUAC:"level='asInvoker' uiAccess='false'" /DEBUG /PDB:"E:\360云盘\Git\OpenCV_Github\Debug\Detection.pdb" /SUBSYSTEM:CONSOLE /TLBID:1 /DYNAMICBASE /NXCOMPAT /IMPLIB:"E:\360云盘\Git\OpenCV_Github\Debug\Detection.lib" /MACHINE:X86 Debug\Detection.exe.embed.manifest.res
         Debug\adaptiveThreshold.obj
         Debug\binaryzation.obj
         Debug\hough_circle.obj
         Debug\contour1.obj
         Debug\contour2.obj
         Debug\canny_trackbar.obj
         Debug\edge_whole.obj
         Debug\hough_line.obj
         Debug\line_dete.obj
         Debug\main.obj
         Debug\sqaure_detection.obj
       Manifest:
         C:\Program Files\Microsoft SDKs\Windows\v7.0A\bin\mt.exe /nologo /verbose /out:"Debug\Detection.exe.embed.manifest" /manifest Debug\Detection.exe.intermediate.manifest
         所有输出均为最新。
       LinkEmbedManifest:
         所有输出均为最新。
         EdgeDetection.vcxproj -> E:\360云盘\Git\OpenCV_Github\Debug\Detection.exe
       FinalizeBuildStatus:
         正在删除文件“Debug\Detection.unsuccessfulbuild”。
         正在对“Debug\Detection.lastbuildstate”执行 Touch 任务。
     1>已完成生成项目“E:\360云盘\Git\OpenCV_Github\EdgeDetection\EdgeDetection.vcxproj”(build 个目标)的操作。

生成成功。

已用时间 00:00:02.92
