C:\USERS\JMY\DOCUMENTS\VISUAL STUDIO 2010\PROJECTS\OPENCV\OPENCV\RELEASE\CHANEL_SPLIT_MERGE.OBJ
C:\Users\jmy\Documents\Visual Studio 2010\Projects\OpenCV\OpenCV\Release\cl.command.1.tlog
C:\Users\jmy\Documents\Visual Studio 2010\Projects\OpenCV\OpenCV\Release\CL.read.1.tlog
C:\Users\jmy\Documents\Visual Studio 2010\Projects\OpenCV\OpenCV\Release\CL.write.1.tlog
C:\USERS\JMY\DOCUMENTS\VISUAL STUDIO 2010\PROJECTS\OPENCV\OPENCV\RELEASE\CNBLOG_TORNADOMEET.OBJ
C:\USERS\JMY\DOCUMENTS\VISUAL STUDIO 2010\PROJECTS\OPENCV\OPENCV\RELEASE\COLOR_CLUSTER.OBJ
C:\USERS\JMY\DOCUMENTS\VISUAL STUDIO 2010\PROJECTS\OPENCV\OPENCV\RELEASE\CORNER_POINT_DETECT.OBJ
C:\USERS\JMY\DOCUMENTS\VISUAL STUDIO 2010\PROJECTS\OPENCV\OPENCV\RELEASE\FACE_DETECTION.OBJ
C:\USERS\JMY\DOCUMENTS\VISUAL STUDIO 2010\PROJECTS\OPENCV\OPENCV\RELEASE\FAST_FEATURE.OBJ
C:\USERS\JMY\DOCUMENTS\VISUAL STUDIO 2010\PROJECTS\OPENCV\OPENCV\RELEASE\IMAGE_ROTATE.OBJ
C:\USERS\JMY\DOCUMENTS\VISUAL STUDIO 2010\PROJECTS\OPENCV\OPENCV\RELEASE\IMAGETOVIDEO.OBJ
C:\Users\jmy\Documents\Visual Studio 2010\Projects\OpenCV\OpenCV\Release\link.command.1.tlog
C:\Users\jmy\Documents\Visual Studio 2010\Projects\OpenCV\OpenCV\Release\link.read.1.tlog
C:\Users\jmy\Documents\Visual Studio 2010\Projects\OpenCV\OpenCV\Release\link.write.1.tlog
C:\USERS\JMY\DOCUMENTS\VISUAL STUDIO 2010\PROJECTS\OPENCV\OPENCV\RELEASE\MAIN.OBJ
C:\USERS\JMY\DOCUMENTS\VISUAL STUDIO 2010\PROJECTS\OPENCV\OPENCV\RELEASE\MORPHOLOGY.OBJ
C:\Users\jmy\Documents\Visual Studio 2010\Projects\OpenCV\OpenCV\Release\mt.command.1.tlog
C:\Users\jmy\Documents\Visual Studio 2010\Projects\OpenCV\OpenCV\Release\mt.read.1.tlog
C:\Users\jmy\Documents\Visual Studio 2010\Projects\OpenCV\OpenCV\Release\mt.write.1.tlog
C:\USERS\JMY\DOCUMENTS\VISUAL STUDIO 2010\PROJECTS\OPENCV\OPENCV\RELEASE\MUTIDIM.OBJ
C:\USERS\JMY\DOCUMENTS\VISUAL STUDIO 2010\PROJECTS\OPENCV\OPENCV\RELEASE\MYHISTGRAM.OBJ
C:\USERS\JMY\DOCUMENTS\VISUAL STUDIO 2010\PROJECTS\OPENCV\OPENCV\RELEASE\ONEDIM.OBJ
C:\USERS\JMY\DOCUMENTS\VISUAL STUDIO 2010\PROJECTS\OPENCV\OPENCV\RELEASE\OPENCV.EXE.INTERMEDIATE.MANIFEST
C:\Users\jmy\Documents\Visual Studio 2010\Projects\OpenCV\OpenCV\Release\OpenCV.vcxprojResolveAssemblyReference.cache
C:\Users\jmy\Documents\Visual Studio 2010\Projects\OpenCV\OpenCV\Release\OpenCV.write.1.tlog
C:\USERS\JMY\DOCUMENTS\VISUAL STUDIO 2010\PROJECTS\OPENCV\OPENCV\RELEASE\READ_WRITE_VIDEO.OBJ
C:\USERS\JMY\DOCUMENTS\VISUAL STUDIO 2010\PROJECTS\OPENCV\OPENCV\RELEASE\RECTIFY.OBJ
C:\USERS\JMY\DOCUMENTS\VISUAL STUDIO 2010\PROJECTS\OPENCV\OPENCV\RELEASE\ROI.OBJ
C:\USERS\JMY\DOCUMENTS\VISUAL STUDIO 2010\PROJECTS\OPENCV\OPENCV\RELEASE\SIFT_FEATURE.OBJ
C:\USERS\JMY\DOCUMENTS\VISUAL STUDIO 2010\PROJECTS\OPENCV\OPENCV\RELEASE\SURF_FEATURE.OBJ
C:\USERS\JMY\DOCUMENTS\VISUAL STUDIO 2010\PROJECTS\OPENCV\OPENCV\RELEASE\SURF_FEATURE_OPENCV.OBJ
C:\USERS\JMY\DOCUMENTS\VISUAL STUDIO 2010\PROJECTS\OPENCV\OPENCV\RELEASE\TEST1.OBJ
C:\USERS\JMY\DOCUMENTS\VISUAL STUDIO 2010\PROJECTS\OPENCV\OPENCV\RELEASE\TEST2.OBJ
C:\USERS\JMY\DOCUMENTS\VISUAL STUDIO 2010\PROJECTS\OPENCV\OPENCV\RELEASE\THRESHOLD.OBJ
C:\USERS\JMY\DOCUMENTS\VISUAL STUDIO 2010\PROJECTS\OPENCV\OPENCV\RELEASE\VC100.PDB
C:\USERS\JMY\DOCUMENTS\VISUAL STUDIO 2010\PROJECTS\OPENCV\OPENCV\RELEASE\WALKER_DETECTION.OBJ
C:\USERS\JMY\DOCUMENTS\VISUAL STUDIO 2010\PROJECTS\OPENCV\OPENCV\RELEASE\XML_READ_WRITE.OBJ
C:\USERS\JMY\DOCUMENTS\VISUAL STUDIO 2010\PROJECTS\OPENCV\RELEASE\OPENCV.EXE
C:\USERS\JMY\DOCUMENTS\VISUAL STUDIO 2010\PROJECTS\OPENCV\RELEASE\OPENCV.PDB
