生成启动时间为 2014/3/5 10:25:30。
     1>项目“C:\Users\jmy\Documents\Visual Studio 2010\Projects\OpenCV\OpenCV\OpenCV.vcxproj”在节点 2 上(build 个目标)。
     1>InitializeBuildStatus:
         正在创建“Release\OpenCV.unsuccessfulbuild”，因为已指定“AlwaysCreate”。
       ClCompile:
         c:\Program Files\Microsoft Visual Studio 10.0\VC\bin\CL.exe /c /Zi /nologo /W3 /WX- /O2 /Oi /Oy- /GL /D WIN32 /D NDEBUG /D _WINDOWS /D _UNICODE /D UNICODE /Gm- /EHsc /MD /GS /Gy /fp:precise /Zc:wchar_t /Zc:forScope /Fo"Release\\" /Fd"Release\vc100.pdb" /Gd /TP /analyze- /errorReport:prompt "xml读写\xml_read_write.cpp"
         xml_read_write.cpp
       Link:
         c:\Program Files\Microsoft Visual Studio 10.0\VC\bin\link.exe /ERRORREPORT:PROMPT /OUT:"C:\Users\jmy\Documents\Visual Studio 2010\Projects\OpenCV\Release\OpenCV.exe" /INCREMENTAL:NO /NOLOGO opencv_calib3d242.lib opencv_contrib242.lib opencv_core242.lib opencv_features2d242.lib opencv_flann242.lib opencv_gpu242.lib opencv_highgui242.lib opencv_imgproc242.lib opencv_legacy242.lib opencv_ml242.lib opencv_objdetect242.lib opencv_ts242.lib opencv_video242.lib opencv_nonfree242.lib kernel32.lib user32.lib gdi32.lib winspool.lib comdlg32.lib advapi32.lib shell32.lib ole32.lib oleaut32.lib uuid.lib odbc32.lib odbccp32.lib /MANIFEST /ManifestFile:"Release\OpenCV.exe.intermediate.manifest" /MANIFESTUAC:"level='asInvoker' uiAccess='false'" /DEBUG /PDB:"C:\Users\jmy\Documents\Visual Studio 2010\Projects\OpenCV\Release\OpenCV.pdb" /SUBSYSTEM:CONSOLE /OPT:REF /OPT:ICF /LTCG /TLBID:1 /DYNAMICBASE /NXCOMPAT /IMPLIB:"C:\Users\jmy\Documents\Visual Studio 2010\Projects\OpenCV\Release\OpenCV.lib" /MACHINE:X86 Release\Main.obj
         Release\roi.obj
         Release\test1.obj
         Release\test2.obj
         Release\xml_read_write.obj
         Release\Threshold.obj
         Release\face_detection.obj
         Release\walker_detection.obj
         Release\image_rotate.obj
         Release\morphology.obj
         Release\fast_feature.obj
         Release\sift_feature.obj
         Release\surf_feature.obj
         Release\surf_feature_opencv.obj
         Release\cnblog_tornadomeet.obj
         Release\MutiDim.obj
         Release\myhistgram.obj
         Release\OneDim.obj
         Release\imagetovideo.obj
         Release\read_write_video.obj
         Release\corner_point_detect.obj
         Release\rectify.obj
         Release\chanel_split_merge.obj
         Release\color_cluster.obj
         正在生成代码
         已完成代码的生成
         OpenCV.vcxproj -> C:\Users\jmy\Documents\Visual Studio 2010\Projects\OpenCV\Release\OpenCV.exe
       Manifest:
         C:\Program Files\Microsoft SDKs\Windows\v7.0A\bin\mt.exe /nologo /verbose /outputresource:"C:\Users\jmy\Documents\Visual Studio 2010\Projects\OpenCV\Release\OpenCV.exe;#1" /manifest Release\OpenCV.exe.intermediate.manifest
       FinalizeBuildStatus:
         正在删除文件“Release\OpenCV.unsuccessfulbuild”。
         正在对“Release\OpenCV.lastbuildstate”执行 Touch 任务。
     1>已完成生成项目“C:\Users\jmy\Documents\Visual Studio 2010\Projects\OpenCV\OpenCV\OpenCV.vcxproj”(build 个目标)的操作。

生成成功。

已用时间 00:00:02.92
