C:\USERS\JMY\DOCUMENTS\VISUAL STUDIO 2010\PROJECTS\OPENCV\DEBUG\HISTGRAM.EXE
C:\USERS\JMY\DOCUMENTS\VISUAL STUDIO 2010\PROJECTS\OPENCV\DEBUG\HISTGRAM.ILK
C:\USERS\JMY\DOCUMENTS\VISUAL STUDIO 2010\PROJECTS\OPENCV\DEBUG\HISTGRAM.PDB
C:\Users\jmy\Documents\Visual Studio 2010\Projects\OpenCV\Histgram\Debug\cl.command.1.tlog
C:\Users\jmy\Documents\Visual Studio 2010\Projects\OpenCV\Histgram\Debug\CL.read.1.tlog
C:\Users\jmy\Documents\Visual Studio 2010\Projects\OpenCV\Histgram\Debug\CL.write.1.tlog
C:\USERS\JMY\DOCUMENTS\VISUAL STUDIO 2010\PROJECTS\OPENCV\HISTGRAM\DEBUG\CNBLOG_TORNADOMEET.OBJ
C:\USERS\JMY\DOCUMENTS\VISUAL STUDIO 2010\PROJECTS\OPENCV\HISTGRAM\DEBUG\EQUALIZEHIST.OBJ
C:\USERS\JMY\DOCUMENTS\VISUAL STUDIO 2010\PROJECTS\OPENCV\HISTGRAM\DEBUG\HISTGRAM.EXE.EMBED.MANIFEST
C:\USERS\JMY\DOCUMENTS\VISUAL STUDIO 2010\PROJECTS\OPENCV\HISTGRAM\DEBUG\HISTGRAM.EXE.EMBED.MANIFEST.RES
C:\USERS\JMY\DOCUMENTS\VISUAL STUDIO 2010\PROJECTS\OPENCV\HISTGRAM\DEBUG\HISTGRAM.EXE.INTERMEDIATE.MANIFEST
C:\USERS\JMY\DOCUMENTS\VISUAL STUDIO 2010\PROJECTS\OPENCV\HISTGRAM\DEBUG\HISTGRAM.OBJ
C:\Users\jmy\Documents\Visual Studio 2010\Projects\OpenCV\Histgram\Debug\Histgram.write.1.tlog
C:\Users\jmy\Documents\Visual Studio 2010\Projects\OpenCV\Histgram\Debug\Histgram_manifest.rc
C:\Users\jmy\Documents\Visual Studio 2010\Projects\OpenCV\Histgram\Debug\link.3996.read.1.tlog
C:\Users\jmy\Documents\Visual Studio 2010\Projects\OpenCV\Histgram\Debug\link.3996.write.1.tlog
C:\Users\jmy\Documents\Visual Studio 2010\Projects\OpenCV\Histgram\Debug\link.3996-cvtres.read.1.tlog
C:\Users\jmy\Documents\Visual Studio 2010\Projects\OpenCV\Histgram\Debug\link.3996-cvtres.write.1.tlog
C:\Users\jmy\Documents\Visual Studio 2010\Projects\OpenCV\Histgram\Debug\link.4616.read.1.tlog
C:\Users\jmy\Documents\Visual Studio 2010\Projects\OpenCV\Histgram\Debug\link.4616.write.1.tlog
C:\Users\jmy\Documents\Visual Studio 2010\Projects\OpenCV\Histgram\Debug\link.4616-cvtres.read.1.tlog
C:\Users\jmy\Documents\Visual Studio 2010\Projects\OpenCV\Histgram\Debug\link.4616-cvtres.write.1.tlog
C:\Users\jmy\Documents\Visual Studio 2010\Projects\OpenCV\Histgram\Debug\link.command.1.tlog
C:\Users\jmy\Documents\Visual Studio 2010\Projects\OpenCV\Histgram\Debug\link.read.1.tlog
C:\Users\jmy\Documents\Visual Studio 2010\Projects\OpenCV\Histgram\Debug\link.write.1.tlog
C:\Users\jmy\Documents\Visual Studio 2010\Projects\OpenCV\Histgram\Debug\link-cvtres.read.1.tlog
C:\Users\jmy\Documents\Visual Studio 2010\Projects\OpenCV\Histgram\Debug\link-cvtres.write.1.tlog
C:\Users\jmy\Documents\Visual Studio 2010\Projects\OpenCV\Histgram\Debug\mt.command.1.tlog
C:\Users\jmy\Documents\Visual Studio 2010\Projects\OpenCV\Histgram\Debug\mt.read.1.tlog
C:\Users\jmy\Documents\Visual Studio 2010\Projects\OpenCV\Histgram\Debug\mt.write.1.tlog
C:\USERS\JMY\DOCUMENTS\VISUAL STUDIO 2010\PROJECTS\OPENCV\HISTGRAM\DEBUG\MUTIDIM.OBJ
C:\USERS\JMY\DOCUMENTS\VISUAL STUDIO 2010\PROJECTS\OPENCV\HISTGRAM\DEBUG\MYHISTGRAM.OBJ
C:\USERS\JMY\DOCUMENTS\VISUAL STUDIO 2010\PROJECTS\OPENCV\HISTGRAM\DEBUG\ONEDIM.OBJ
C:\Users\jmy\Documents\Visual Studio 2010\Projects\OpenCV\Histgram\Debug\rc.command.1.tlog
C:\Users\jmy\Documents\Visual Studio 2010\Projects\OpenCV\Histgram\Debug\rc.read.1.tlog
C:\Users\jmy\Documents\Visual Studio 2010\Projects\OpenCV\Histgram\Debug\rc.write.1.tlog
C:\Users\jmy\Documents\Visual Studio 2010\Projects\OpenCV\Histgram\Debug\vc100.idb
C:\USERS\JMY\DOCUMENTS\VISUAL STUDIO 2010\PROJECTS\OPENCV\HISTGRAM\DEBUG\VC100.PDB
