生成启动时间为 2014/5/16 22:28:22。
     1>项目“E:\360云盘\Git\OpenCV_Github\Histgram\Histgram.vcxproj”在节点 2 上(build 个目标)。
     1>InitializeBuildStatus:
         正在对“Debug\Histgram.unsuccessfulbuild”执行 Touch 任务。
       ClCompile:
         c:\Program Files\Microsoft Visual Studio 10.0\VC\bin\CL.exe /c /ZI /nologo /W3 /WX- /Od /Oy- /D WIN32 /D _DEBUG /D _CONSOLE /D _UNICODE /D UNICODE /Gm /EHsc /RTC1 /MDd /GS /fp:precise /Zc:wchar_t /Zc:forScope /Fo"Debug\\" /Fd"Debug\vc100.pdb" /Gd /TP /analyze- /errorReport:prompt calcDrawHist.cpp main.cpp source\calcHistDistance.cpp source\equalizeHist.cpp source\mutiDim.cpp source\oneDim.cpp
         oneDim.cpp
     1>e:\360云盘\git\opencv_github\histgram\source\onedim.cpp : warning C4819: 该文件包含不能在当前代码页(936)中表示的字符。请将该文件保存为 Unicode 格式以防止数据丢失
         mutiDim.cpp
         equalizeHist.cpp
         calcHistDistance.cpp
         main.cpp
         calcDrawHist.cpp
     1>e:\360云盘\git\opencv_github\histgram\calcdrawhist.cpp(12): warning C4244: “参数”: 从“float”转换到“int”，可能丢失数据
     1>e:\360云盘\git\opencv_github\histgram\calcdrawhist.cpp(12): warning C4244: “参数”: 从“float”转换到“int”，可能丢失数据
     1>e:\360云盘\git\opencv_github\histgram\calcdrawhist.cpp(20): warning C4244: “参数”: 从“float”转换到“int”，可能丢失数据
     1>e:\360云盘\git\opencv_github\histgram\calcdrawhist.cpp(20): warning C4244: “参数”: 从“float”转换到“int”，可能丢失数据
     1>e:\360云盘\git\opencv_github\histgram\calcdrawhist.cpp(21): warning C4244: “参数”: 从“float”转换到“int”，可能丢失数据
     1>e:\360云盘\git\opencv_github\histgram\calcdrawhist.cpp(21): warning C4244: “参数”: 从“float”转换到“int”，可能丢失数据
     1>e:\360云盘\git\opencv_github\histgram\calcdrawhist.cpp(22): warning C4244: “参数”: 从“float”转换到“int”，可能丢失数据
     1>e:\360云盘\git\opencv_github\histgram\calcdrawhist.cpp(22): warning C4244: “参数”: 从“float”转换到“int”，可能丢失数据
     1>e:\360云盘\git\opencv_github\histgram\calcdrawhist.cpp(23): warning C4244: “参数”: 从“float”转换到“int”，可能丢失数据
     1>e:\360云盘\git\opencv_github\histgram\calcdrawhist.cpp(23): warning C4244: “参数”: 从“float”转换到“int”，可能丢失数据
     1>e:\360云盘\git\opencv_github\histgram\calcdrawhist.cpp(24): warning C4244: “参数”: 从“float”转换到“int”，可能丢失数据
     1>e:\360云盘\git\opencv_github\histgram\calcdrawhist.cpp(24): warning C4244: “参数”: 从“float”转换到“int”，可能丢失数据
         正在生成代码...
       ManifestResourceCompile:
         C:\Program Files\Microsoft SDKs\Windows\v7.0A\bin\rc.exe /nologo /fo"Debug\Histgram.exe.embed.manifest.res" Debug\Histgram_manifest.rc 
       Link:
         c:\Program Files\Microsoft Visual Studio 10.0\VC\bin\link.exe /ERRORREPORT:PROMPT /OUT:"E:\360云盘\Git\OpenCV_Github\Debug\Histgram.exe" /INCREMENTAL /NOLOGO opencv_core242d.lib opencv_highgui242d.lib opencv_imgproc242d.lib opencv_features2d242d.lib kernel32.lib user32.lib gdi32.lib winspool.lib comdlg32.lib advapi32.lib shell32.lib ole32.lib oleaut32.lib uuid.lib odbc32.lib odbccp32.lib /MANIFEST /ManifestFile:"Debug\Histgram.exe.intermediate.manifest" /MANIFESTUAC:"level='asInvoker' uiAccess='false'" /DEBUG /PDB:"E:\360云盘\Git\OpenCV_Github\Debug\Histgram.pdb" /SUBSYSTEM:CONSOLE /TLBID:1 /DYNAMICBASE /NXCOMPAT /IMPLIB:"E:\360云盘\Git\OpenCV_Github\Debug\Histgram.lib" /MACHINE:X86 Debug\Histgram.exe.embed.manifest.res
         Debug\calcDrawHist.obj
         Debug\main.obj
         Debug\calcHistDistance.obj
         Debug\equalizeHist.obj
         Debug\mutiDim.obj
         Debug\oneDim.obj
       Manifest:
         C:\Program Files\Microsoft SDKs\Windows\v7.0A\bin\mt.exe /nologo /verbose /out:"Debug\Histgram.exe.embed.manifest" /manifest Debug\Histgram.exe.intermediate.manifest
         C:\Program Files\Microsoft SDKs\Windows\v7.0A\bin\rc.exe /nologo /fo"Debug\Histgram.exe.embed.manifest.res" Debug\Histgram_manifest.rc 
       LinkEmbedManifest:
         c:\Program Files\Microsoft Visual Studio 10.0\VC\bin\link.exe /ERRORREPORT:PROMPT /OUT:"E:\360云盘\Git\OpenCV_Github\Debug\Histgram.exe" /INCREMENTAL /NOLOGO opencv_core242d.lib opencv_highgui242d.lib opencv_imgproc242d.lib opencv_features2d242d.lib kernel32.lib user32.lib gdi32.lib winspool.lib comdlg32.lib advapi32.lib shell32.lib ole32.lib oleaut32.lib uuid.lib odbc32.lib odbccp32.lib /MANIFEST /ManifestFile:"Debug\Histgram.exe.intermediate.manifest" /MANIFESTUAC:"level='asInvoker' uiAccess='false'" /DEBUG /PDB:"E:\360云盘\Git\OpenCV_Github\Debug\Histgram.pdb" /SUBSYSTEM:CONSOLE /TLBID:1 /DYNAMICBASE /NXCOMPAT /IMPLIB:"E:\360云盘\Git\OpenCV_Github\Debug\Histgram.lib" /MACHINE:X86 Debug\Histgram.exe.embed.manifest.res
         Debug\calcDrawHist.obj
         Debug\main.obj
         Debug\calcHistDistance.obj
         Debug\equalizeHist.obj
         Debug\mutiDim.obj
         Debug\oneDim.obj
         Histgram.vcxproj -> E:\360云盘\Git\OpenCV_Github\Debug\Histgram.exe
       FinalizeBuildStatus:
         正在删除文件“Debug\Histgram.unsuccessfulbuild”。
         正在对“Debug\Histgram.lastbuildstate”执行 Touch 任务。
     1>已完成生成项目“E:\360云盘\Git\OpenCV_Github\Histgram\Histgram.vcxproj”(build 个目标)的操作。

生成成功。

已用时间 00:00:10.51
