E:\360YPAN\GIT\OPENCV_GITHUB\DEBUG\TRACK.EXE
E:\360YPAN\GIT\OPENCV_GITHUB\DEBUG\TRACK.ILK
E:\360YPAN\GIT\OPENCV_GITHUB\DEBUG\TRACK.PDB
E:\360YPan\Git\OpenCV_Github\Track\Debug\cl.command.1.tlog
E:\360YPan\Git\OpenCV_Github\Track\Debug\CL.read.1.tlog
E:\360YPan\Git\OpenCV_Github\Track\Debug\CL.write.1.tlog
E:\360YPAN\GIT\OPENCV_GITHUB\TRACK\DEBUG\GMM_MAIN.OBJ
E:\360YPan\Git\OpenCV_Github\Track\Debug\link.4480.read.1.tlog
E:\360YPan\Git\OpenCV_Github\Track\Debug\link.4480.write.1.tlog
E:\360YPan\Git\OpenCV_Github\Track\Debug\link.4480-cvtres.read.1.tlog
E:\360YPan\Git\OpenCV_Github\Track\Debug\link.4480-cvtres.write.1.tlog
E:\360YPan\Git\OpenCV_Github\Track\Debug\link.5472.read.1.tlog
E:\360YPan\Git\OpenCV_Github\Track\Debug\link.5472.write.1.tlog
E:\360YPan\Git\OpenCV_Github\Track\Debug\link.5472-cvtres.read.1.tlog
E:\360YPan\Git\OpenCV_Github\Track\Debug\link.5472-cvtres.write.1.tlog
E:\360YPan\Git\OpenCV_Github\Track\Debug\link.6896.read.1.tlog
E:\360YPan\Git\OpenCV_Github\Track\Debug\link.6896.write.1.tlog
E:\360YPan\Git\OpenCV_Github\Track\Debug\link.6896-cvtres.read.1.tlog
E:\360YPan\Git\OpenCV_Github\Track\Debug\link.6896-cvtres.write.1.tlog
E:\360YPan\Git\OpenCV_Github\Track\Debug\link.command.1.tlog
E:\360YPan\Git\OpenCV_Github\Track\Debug\link.read.1.tlog
E:\360YPan\Git\OpenCV_Github\Track\Debug\link.write.1.tlog
E:\360YPan\Git\OpenCV_Github\Track\Debug\link-cvtres.read.1.tlog
E:\360YPan\Git\OpenCV_Github\Track\Debug\link-cvtres.write.1.tlog
E:\360YPAN\GIT\OPENCV_GITHUB\TRACK\DEBUG\MAIN.OBJ
E:\360YPAN\GIT\OPENCV_GITHUB\TRACK\DEBUG\MOG_BGS.OBJ
E:\360YPan\Git\OpenCV_Github\Track\Debug\mt.command.1.tlog
E:\360YPan\Git\OpenCV_Github\Track\Debug\mt.read.1.tlog
E:\360YPan\Git\OpenCV_Github\Track\Debug\mt.write.1.tlog
E:\360YPAN\GIT\OPENCV_GITHUB\TRACK\DEBUG\OPTICALFLOWFARNEBACK.OBJ
E:\360YPAN\GIT\OPENCV_GITHUB\TRACK\DEBUG\PARTICLE.OBJ
E:\360YPan\Git\OpenCV_Github\Track\Debug\rc.command.1.tlog
E:\360YPan\Git\OpenCV_Github\Track\Debug\rc.read.1.tlog
E:\360YPan\Git\OpenCV_Github\Track\Debug\rc.write.1.tlog
E:\360YPAN\GIT\OPENCV_GITHUB\TRACK\DEBUG\SIMPLEFLOW_DEMO.OBJ
E:\360YPAN\GIT\OPENCV_GITHUB\TRACK\DEBUG\TRACK.EXE.EMBED.MANIFEST
E:\360YPAN\GIT\OPENCV_GITHUB\TRACK\DEBUG\TRACK.EXE.EMBED.MANIFEST.RES
E:\360YPAN\GIT\OPENCV_GITHUB\TRACK\DEBUG\TRACK.EXE.INTERMEDIATE.MANIFEST
E:\360YPan\Git\OpenCV_Github\Track\Debug\Track.vcxprojResolveAssemblyReference.cache
E:\360YPan\Git\OpenCV_Github\Track\Debug\Track.write.1.tlog
E:\360YPan\Git\OpenCV_Github\Track\Debug\Track_manifest.rc
E:\360YPan\Git\OpenCV_Github\Track\Debug\vc100.idb
E:\360YPAN\GIT\OPENCV_GITHUB\TRACK\DEBUG\VC100.PDB
E:\360YPAN\GIT\OPENCV_GITHUB\TRACK\DEBUG\VIBE.OBJ
E:\360YPAN\GIT\OPENCV_GITHUB\TRACK\DEBUG\VIBE_MAIN.OBJ
