生成启动时间为 2014/11/12 16:15:53。
     1>项目“E:\360YPan\Git\OpenCV_Github\Track\Track.vcxproj”在节点 2 上(build 个目标)。
     1>InitializeBuildStatus:
         正在创建“Debug\Track.unsuccessfulbuild”，因为已指定“AlwaysCreate”。
       ClCompile:
         c:\Program Files\Microsoft Visual Studio 10.0\VC\bin\CL.exe /c /ZI /nologo /W3 /WX- /Od /Oy- /D WIN32 /D _DEBUG /D _CONSOLE /D _UNICODE /D UNICODE /Gm /EHsc /RTC1 /MDd /GS /fp:precise /Zc:wchar_t /Zc:forScope /Fo"Debug\\" /Fd"Debug\vc100.pdb" /Gd /TP /analyze- /errorReport:prompt Diff1.cpp
         Diff1.cpp
       ManifestResourceCompile:
         所有输出均为最新。
       Link:
         c:\Program Files\Microsoft Visual Studio 10.0\VC\bin\link.exe /ERRORREPORT:PROMPT /OUT:"E:\360YPan\Git\OpenCV_Github\Debug\Track.exe" /INCREMENTAL /NOLOGO opencv_core2410d.lib opencv_highgui2410d.lib opencv_imgproc2410d.lib opencv_video2410d.lib opencv_core2410d.lib opencv_highgui2410d.lib opencv_imgproc2410d.lib kernel32.lib user32.lib gdi32.lib winspool.lib comdlg32.lib advapi32.lib shell32.lib ole32.lib oleaut32.lib uuid.lib odbc32.lib odbccp32.lib /MANIFEST /ManifestFile:"Debug\Track.exe.intermediate.manifest" /MANIFESTUAC:"level='asInvoker' uiAccess='false'" /DEBUG /PDB:"E:\360YPan\Git\OpenCV_Github\Debug\Track.pdb" /SUBSYSTEM:CONSOLE /TLBID:1 /DYNAMICBASE /NXCOMPAT /IMPLIB:"E:\360YPan\Git\OpenCV_Github\Debug\Track.lib" /MACHINE:X86 Debug\Track.exe.embed.manifest.res
         Debug\Diff1.obj
         Debug\Diff2.obj
         Debug\GMM_Main.obj
         Debug\main.obj
         Debug\MoG_BGS.obj
         Debug\opticalflowFarneback.obj
         Debug\simpleflow_demo.obj
         Debug\ViBe.obj
         Debug\ViBe_main.obj
       Manifest:
         C:\Program Files\Microsoft SDKs\Windows\v7.0A\bin\mt.exe /nologo /verbose /out:"Debug\Track.exe.embed.manifest" /manifest Debug\Track.exe.intermediate.manifest
         所有输出均为最新。
       LinkEmbedManifest:
         所有输出均为最新。
         Track.vcxproj -> E:\360YPan\Git\OpenCV_Github\Debug\Track.exe
       FinalizeBuildStatus:
         正在删除文件“Debug\Track.unsuccessfulbuild”。
         正在对“Debug\Track.lastbuildstate”执行 Touch 任务。
     1>已完成生成项目“E:\360YPan\Git\OpenCV_Github\Track\Track.vcxproj”(build 个目标)的操作。

生成成功。

已用时间 00:00:01.92
