E:\360云盘\GIT\OPENCV_GITHUB\DEBUG\OPENCV.EXE
E:\360云盘\GIT\OPENCV_GITHUB\DEBUG\OPENCV.ILK
E:\360云盘\GIT\OPENCV_GITHUB\DEBUG\OPENCV.PDB
E:\360云盘\GIT\OPENCV_GITHUB\OPENCV\DEBUG\CALCCOVARIANCE.OBJ
E:\360云盘\GIT\OPENCV_GITHUB\OPENCV\DEBUG\CHANEL_SPLIT_MERGE.OBJ
E:\360云盘\Git\OpenCV_Github\OpenCV\Debug\cl.command.1.tlog
E:\360云盘\Git\OpenCV_Github\OpenCV\Debug\CL.read.1.tlog
E:\360云盘\Git\OpenCV_Github\OpenCV\Debug\CL.write.1.tlog
E:\360云盘\GIT\OPENCV_GITHUB\OPENCV\DEBUG\COLOR_CLUSTER.OBJ
E:\360云盘\GIT\OPENCV_GITHUB\OPENCV\DEBUG\FACE_DETECTION.OBJ
E:\360云盘\GIT\OPENCV_GITHUB\OPENCV\DEBUG\IMAGE_ROTATE.OBJ
E:\360云盘\GIT\OPENCV_GITHUB\OPENCV\DEBUG\IMAGES_TO_VIDEO.OBJ
E:\360云盘\GIT\OPENCV_GITHUB\OPENCV\DEBUG\INTER_VALUE.OBJ
E:\360云盘\Git\OpenCV_Github\OpenCV\Debug\link.2436.read.1.tlog
E:\360云盘\Git\OpenCV_Github\OpenCV\Debug\link.2436.write.1.tlog
E:\360云盘\Git\OpenCV_Github\OpenCV\Debug\link.2436-cvtres.read.1.tlog
E:\360云盘\Git\OpenCV_Github\OpenCV\Debug\link.2436-cvtres.write.1.tlog
E:\360云盘\Git\OpenCV_Github\OpenCV\Debug\link.5448.read.1.tlog
E:\360云盘\Git\OpenCV_Github\OpenCV\Debug\link.5448.write.1.tlog
E:\360云盘\Git\OpenCV_Github\OpenCV\Debug\link.5448-cvtres.read.1.tlog
E:\360云盘\Git\OpenCV_Github\OpenCV\Debug\link.5448-cvtres.write.1.tlog
E:\360云盘\Git\OpenCV_Github\OpenCV\Debug\link.command.1.tlog
E:\360云盘\Git\OpenCV_Github\OpenCV\Debug\link.read.1.tlog
E:\360云盘\Git\OpenCV_Github\OpenCV\Debug\link.write.1.tlog
E:\360云盘\Git\OpenCV_Github\OpenCV\Debug\link-cvtres.read.1.tlog
E:\360云盘\Git\OpenCV_Github\OpenCV\Debug\link-cvtres.write.1.tlog
E:\360云盘\GIT\OPENCV_GITHUB\OPENCV\DEBUG\MAIN.OBJ
E:\360云盘\Git\OpenCV_Github\OpenCV\Debug\mt.command.1.tlog
E:\360云盘\Git\OpenCV_Github\OpenCV\Debug\mt.read.1.tlog
E:\360云盘\Git\OpenCV_Github\OpenCV\Debug\mt.write.1.tlog
E:\360云盘\GIT\OPENCV_GITHUB\OPENCV\DEBUG\OPENCV.EXE.EMBED.MANIFEST
E:\360云盘\GIT\OPENCV_GITHUB\OPENCV\DEBUG\OPENCV.EXE.EMBED.MANIFEST.RES
E:\360云盘\GIT\OPENCV_GITHUB\OPENCV\DEBUG\OPENCV.EXE.INTERMEDIATE.MANIFEST
E:\360云盘\Git\OpenCV_Github\OpenCV\Debug\OpenCV.vcxprojResolveAssemblyReference.cache
E:\360云盘\Git\OpenCV_Github\OpenCV\Debug\OpenCV.write.1.tlog
E:\360云盘\Git\OpenCV_Github\OpenCV\Debug\OpenCV_manifest.rc
E:\360云盘\Git\OpenCV_Github\OpenCV\Debug\rc.command.1.tlog
E:\360云盘\Git\OpenCV_Github\OpenCV\Debug\rc.read.1.tlog
E:\360云盘\Git\OpenCV_Github\OpenCV\Debug\rc.write.1.tlog
E:\360云盘\GIT\OPENCV_GITHUB\OPENCV\DEBUG\READ_VIDEO_INFO.OBJ
E:\360云盘\GIT\OPENCV_GITHUB\OPENCV\DEBUG\READ_WRITE_VIDEO.OBJ
E:\360云盘\GIT\OPENCV_GITHUB\OPENCV\DEBUG\READSAVERGB.OBJ
E:\360云盘\GIT\OPENCV_GITHUB\OPENCV\DEBUG\RECTIFY.OBJ
E:\360云盘\GIT\OPENCV_GITHUB\OPENCV\DEBUG\RESIZE.OBJ
E:\360云盘\GIT\OPENCV_GITHUB\OPENCV\DEBUG\RGB2HSV.OBJ
E:\360云盘\GIT\OPENCV_GITHUB\OPENCV\DEBUG\ROI.OBJ
E:\360云盘\GIT\OPENCV_GITHUB\OPENCV\DEBUG\ROI_MAT.OBJ
E:\360云盘\GIT\OPENCV_GITHUB\OPENCV\DEBUG\ROI_MERGE.OBJ
E:\360云盘\GIT\OPENCV_GITHUB\OPENCV\DEBUG\TEST1.OBJ
E:\360云盘\GIT\OPENCV_GITHUB\OPENCV\DEBUG\TEST2.OBJ
E:\360云盘\GIT\OPENCV_GITHUB\OPENCV\DEBUG\THRESHOLD.OBJ
E:\360云盘\Git\OpenCV_Github\OpenCV\Debug\vc100.idb
E:\360云盘\GIT\OPENCV_GITHUB\OPENCV\DEBUG\VC100.PDB
E:\360云盘\GIT\OPENCV_GITHUB\OPENCV\DEBUG\VISIT_ELEM_IPLIMAG.OBJ
E:\360云盘\GIT\OPENCV_GITHUB\OPENCV\DEBUG\VISIT_ELEM_MAT.OBJ
E:\360云盘\GIT\OPENCV_GITHUB\OPENCV\DEBUG\WALKER_DETECTION.OBJ
E:\360云盘\GIT\OPENCV_GITHUB\OPENCV\DEBUG\XML_READ_WRITE.OBJ
