生成启动时间为 2014/5/8 16:41:52。
     1>项目“E:\360云盘\Git\OpenCV_Github\OpenCV\OpenCV.vcxproj”在节点 2 上(build 个目标)。
     1>InitializeBuildStatus:
         正在创建“Debug\OpenCV.unsuccessfulbuild”，因为已指定“AlwaysCreate”。
       ClCompile:
         c:\Program Files\Microsoft Visual Studio 10.0\VC\bin\CL.exe /c /ZI /nologo /W3 /WX- /Od /Oy- /D WIN32 /D _DEBUG /D _WINDOWS /D _UNICODE /D UNICODE /Gm /EHsc /RTC1 /MDd /GS /fp:precise /Zc:wchar_t /Zc:forScope /Fo"Debug\\" /Fd"Debug\vc100.pdb" /Gd /TP /analyze- /errorReport:prompt ROI\roi_merge.cpp
         roi_merge.cpp
       ManifestResourceCompile:
         所有输出均为最新。
       Link:
         c:\Program Files\Microsoft Visual Studio 10.0\VC\bin\link.exe /ERRORREPORT:PROMPT /OUT:"E:\360云盘\Git\OpenCV_Github\Debug\OpenCV.exe" /INCREMENTAL /NOLOGO opencv_calib3d242d.lib opencv_contrib242d.lib opencv_core242d.lib opencv_features2d242d.lib opencv_flann242d.lib opencv_gpu242d.lib opencv_highgui242d.lib opencv_imgproc242d.lib opencv_legacy242d.lib opencv_ml242d.lib opencv_objdetect242d.lib opencv_ts242d.lib opencv_video242d.lib opencv_nonfree242d.lib kernel32.lib user32.lib gdi32.lib winspool.lib comdlg32.lib advapi32.lib shell32.lib ole32.lib oleaut32.lib uuid.lib odbc32.lib odbccp32.lib /MANIFEST /ManifestFile:"Debug\OpenCV.exe.intermediate.manifest" /MANIFESTUAC:"level='asInvoker' uiAccess='false'" /DEBUG /PDB:"E:\360云盘\Git\OpenCV_Github\Debug\OpenCV.pdb" /TLBID:1 /DYNAMICBASE /NXCOMPAT /IMPLIB:"E:\360云盘\Git\OpenCV_Github\Debug\OpenCV.lib" /MACHINE:X86 Debug\OpenCV.exe.embed.manifest.res
         Debug\CalcCovariance.obj
         Debug\rgb2hsv.obj
         Debug\visit_elem_iplimag.obj
         Debug\visit_elem_mat.obj
         Debug\Main.obj
         Debug\ReadSaveRGB.obj
         Debug\roi.obj
         Debug\roi_mat.obj
         Debug\roi_merge.obj
         Debug\test1.obj
         Debug\test2.obj
         Debug\xml_read_write.obj
         Debug\Threshold.obj
         Debug\face_detection.obj
         Debug\walker_detection.obj
         Debug\image_rotate.obj
         Debug\inter_value.obj
         Debug\resize.obj
         Debug\images_to_video.obj
         Debug\read_video_info.obj
         Debug\read_write_video.obj
         Debug\rectify.obj
         Debug\chanel_split_merge.obj
         Debug\color_cluster.obj
       Manifest:
         C:\Program Files\Microsoft SDKs\Windows\v7.0A\bin\mt.exe /nologo /verbose /out:"Debug\OpenCV.exe.embed.manifest" /manifest Debug\OpenCV.exe.intermediate.manifest
         所有输出均为最新。
       LinkEmbedManifest:
         所有输出均为最新。
         OpenCV.vcxproj -> E:\360云盘\Git\OpenCV_Github\Debug\OpenCV.exe
       FinalizeBuildStatus:
         正在删除文件“Debug\OpenCV.unsuccessfulbuild”。
         正在对“Debug\OpenCV.lastbuildstate”执行 Touch 任务。
     1>已完成生成项目“E:\360云盘\Git\OpenCV_Github\OpenCV\OpenCV.vcxproj”(build 个目标)的操作。

生成成功。

已用时间 00:00:02.37
