生成启动时间为 2014/5/16 21:58:55。
     1>项目“E:\360云盘\Git\OpenCV_Github\Morphology\Morphology.vcxproj”在节点 2 上(build 个目标)。
     1>InitializeBuildStatus:
         正在创建“Debug\Morphology.unsuccessfulbuild”，因为已指定“AlwaysCreate”。
       ClCompile:
         c:\Program Files\Microsoft Visual Studio 10.0\VC\bin\CL.exe /c /ZI /nologo /W3 /WX- /Od /Oy- /D WIN32 /D _DEBUG /D _CONSOLE /D _UNICODE /D UNICODE /Gm /EHsc /RTC1 /MDd /GS /fp:precise /Zc:wchar_t /Zc:forScope /Fo"Debug\\" /Fd"Debug\vc100.pdb" /Gd /TP /analyze- /errorReport:prompt main.cpp morphy_whole.cpp
         morphy_whole.cpp
         正在生成代码...
         正在编译...
         main.cpp
         正在生成代码...
       ManifestResourceCompile:
         所有输出均为最新。
       Link:
         c:\Program Files\Microsoft Visual Studio 10.0\VC\bin\link.exe /ERRORREPORT:PROMPT /OUT:"E:\360云盘\Git\OpenCV_Github\Debug\Morphology.exe" /INCREMENTAL /NOLOGO opencv_core242d.lib opencv_highgui242d.lib opencv_imgproc242d.lib opencv_features2d242d.lib kernel32.lib user32.lib gdi32.lib winspool.lib comdlg32.lib advapi32.lib shell32.lib ole32.lib oleaut32.lib uuid.lib odbc32.lib odbccp32.lib /MANIFEST /ManifestFile:"Debug\Morphology.exe.intermediate.manifest" /MANIFESTUAC:"level='asInvoker' uiAccess='false'" /DEBUG /PDB:"E:\360云盘\Git\OpenCV_Github\Debug\Morphology.pdb" /SUBSYSTEM:CONSOLE /TLBID:1 /DYNAMICBASE /NXCOMPAT /IMPLIB:"E:\360云盘\Git\OpenCV_Github\Debug\Morphology.lib" /MACHINE:X86 Debug\Morphology.exe.embed.manifest.res
         Debug\main.obj
         Debug\morphy1.obj
         Debug\morphy2.obj
         Debug\morphy_whole.obj
       Manifest:
         C:\Program Files\Microsoft SDKs\Windows\v7.0A\bin\mt.exe /nologo /verbose /out:"Debug\Morphology.exe.embed.manifest" /manifest Debug\Morphology.exe.intermediate.manifest
         所有输出均为最新。
       LinkEmbedManifest:
         所有输出均为最新。
         Morphology.vcxproj -> E:\360云盘\Git\OpenCV_Github\Debug\Morphology.exe
       FinalizeBuildStatus:
         正在删除文件“Debug\Morphology.unsuccessfulbuild”。
         正在对“Debug\Morphology.lastbuildstate”执行 Touch 任务。
     1>已完成生成项目“E:\360云盘\Git\OpenCV_Github\Morphology\Morphology.vcxproj”(build 个目标)的操作。

生成成功。

已用时间 00:00:02.06
